<?xml version="1.0" encoding="UTF-8" ?>
<beans xmlns="http://www.springframework.org/schema/beans"
	xmlns:xsi="http://www.w3.org/2001/XMLSchema-instance" xmlns:tx="http://www.springframework.org/schema/tx"
	xmlns:context="http://www.springframework.org/schema/context" xmlns:p="http://www.springframework.org/schema/p"
	xsi:schemaLocation="
    http://www.springframework.org/schema/beans http://www.springframework.org/schema/beans/spring-beans-3.0.xsd
    http://www.springframework.org/schema/context http://www.springframework.org/schema/context/spring-context-3.0.xsd
    http://www.springframework.org/schema/tx http://www.springframework.org/schema/tx/spring-tx-3.0.xsd">
	
    <context:property-placeholder location="classpath:test-jdbc.properties" ignore-unresolvable="true" />
	  <!-- 配置默认数据源 -->
	  <bean id="dataSource" class="org.springframework.jdbc.datasource.DriverManagerDataSource" >
	    <property name="driverClassName" value="${jdbc.driverClassName}" />
	    <property name="url" value="${jdbc.url}" />
	    <property name="username" value="${jdbc.username}" />
	    <property name="password" value="${jdbc.password}" />
	  </bean>
    
	  <!--配置SqlSessionFactoryBean -->
    <bean id="sqlSessionFactory" class="org.mybatis.spring.SqlSessionFactoryBean">
        <property name="dataSource" ref="dataSource"/>
        <property name="configLocation" value="classpath:test-sql.cfg.xml"/>
    </bean>

    <!-- 映射sql.xml文件与dao接口类关系 -->
    <bean class="org.mybatis.spring.mapper.MapperScannerConfigurer">
        <property name="basePackage" value="test.com.mbs.manage.**.dao" />
    </bean>
  
</beans>