<?xml version="1.0" encoding="UTF-8" ?>
<beans xmlns="http://www.springframework.org/schema/beans"
	xmlns:xsi="http://www.w3.org/2001/XMLSchema-instance" xmlns:tx="http://www.springframework.org/schema/tx"
	xmlns:aop="http://www.springframework.org/schema/aop" xmlns:context="http://www.springframework.org/schema/context"
	xmlns:p="http://www.springframework.org/schema/p"
	xsi:schemaLocation="http://www.springframework.org/schema/beans http://www.springframework.org/schema/beans/spring-beans-3.0.xsd
    http://www.springframework.org/schema/tx http://www.springframework.org/schema/tx/spring-tx-3.0.xsd
    http://www.springframework.org/schema/context http://www.springframework.org/schema/context/spring-context-3.0.xsd 
    http://www.springframework.org/schema/aop http://www.springframework.org/schema/aop/spring-aop-3.0.xsd">
	
	<!-- 扫描包下所有注解 -->
	<context:component-scan base-package="test.com.mbs.manage.**.dot" />
	<context:component-scan base-package="test.com.fop.framework.service.trade" />

	
	<!--事务管理器-->	
	<bean id="transactionManager" class="org.springframework.jdbc.datasource.DataSourceTransactionManager" >
		<property name="dataSource" ref="dataSource" />
	</bean>
	
	<!-- 通过AOP配置提供事务增强，让dot包下所有步骤类的方法拥有事务 -->
	<aop:config proxy-target-class="true">
		<aop:pointcut id="serviceMethod"
			expression=" execution(* test.com.mbs.manage.**.dot..*(..))" />
		<aop:advisor pointcut-ref="serviceMethod" advice-ref="txAdvice" />
	</aop:config>
	<tx:advice id="txAdvice" transaction-manager="transactionManager">
		<tx:attributes>
			<tx:method name="*"/>
		</tx:attributes>
	</tx:advice>
	
</beans>