<?xml version="1.0" encoding="UTF-8" ?>  
  
<!DOCTYPE configuration PUBLIC   
    "-//mybatis.org//DTD Config 3.0//EN"  
    "http://mybatis.org/dtd/mybatis-3-config.dtd">  
  
<configuration>
<!--引入sql配置文件-->
    <mappers>  
        <mapper resource="sql/trade-a-sql.xml" />
        <mapper resource="sql/trade-b-sql.xml" />
    </mappers>  
</configuration> 